<?xml version="1.0" encoding="UTF-8"?>
<!-- Generated by org.testng.reporters.JUnitReportReporter -->
<testsuite skipped="5" hostname="Ale-Bravos-Air.home" name="com.bookit.tests.JDBCTest" tests="6" failures="0" timestamp="08 Jan 2019 21:02:36 GMT" time="0.227" errors="0">
  <testcase name="useDBUtils2" time="0.227" classname="com.bookit.tests.JDBCTest"/>
  <testcase name="JDBCMetaData" classname="com.bookit.tests.JDBCTest">
    <skipped/>
  </testcase> <!-- JDBCMetaData -->
  <testcase name="DBUtilDynamic" classname="com.bookit.tests.JDBCTest">
    <skipped/>
  </testcase> <!-- DBUtilDynamic -->
  <testcase name="PostGreSQL" classname="com.bookit.tests.JDBCTest">
    <skipped/>
  </testcase> <!-- PostGreSQL -->
  <testcase name="useDBUtils" classname="com.bookit.tests.JDBCTest">
    <skipped/>
  </testcase> <!-- useDBUtils -->
  <testcase name="DBUtil" classname="com.bookit.tests.JDBCTest">
    <skipped/>
  </testcase> <!-- DBUtil -->
</testsuite> <!-- com.bookit.tests.JDBCTest -->
